
2013-04-09 21:04:19+0200 > 

Logging stopped at 2013-04-09 21:04:19+0200

Logging started ...

2013-04-09 21:04:19+0200 > <LCtrl><LCtrl>c
2013-04-09 21:05:04+0200 > <Down><Right><Down><Right><Down><Right><Down>
2013-04-09 21:05:25+0200 > <LAlt><F4><F6><F6><F6><Down><Down><Down><Left><Up><Left>
2013-04-09 21:05:40+0200 > <LMeta><Left><LAlt><F4>git stau<CpsLk>ta<CpsLk>us
2013-04-09 21:05:46+0200 > <Right><Right><Down><Down><Down><Down><Right><Down><Down><Right><LAlt><Tab>touch cleanupäb<CpsLk>sh
2013-04-09 21:06:04+0200 > <LAlt><Left><BckSp><BckSp><LAlt><Left><LAlt><Right><Left><Left><LAlt><Left><Left><Up><#+5><Left><LAlt><Tab><LAlt><Tab>
2013-04-09 21:06:29+0200 > <LMeta><Left>i<RShft>̊<CpsLk><CpsLk><RShft>Z<CpsLk><RShft><RShft>!<CpsLk><RShft>#<RShft>!bin<Esc><Left><Left>iö<Esc><Right><Right><Right>aöbash<Esc><LShft>:w
2013-04-09 21:06:47+0200 > <LShft>:w
2013-04-09 21:06:48+0200 > o
2013-04-09 21:06:49+0200 > n<CpsLk>killall python2<Esc>yy<RShft>P<RShft>C<Up><Up><Up><Up><Up><Up><Up><#+10><Up><Up><Up><Up><Up><Up><Up><Up><Up><Up><Up><Up><Up><Up><Up><Up><Up><LAlt><Tab>logkeys ̊k<Esc><LShft>:x
2013-04-09 21:07:42+0200 > <LAlt><Tab><BckSp><#+9>äöcl<Tab><Tab><Tab>eanup
2013-04-09 21:07:54+0200 > <Up><BckSp><#+10>cleanup
2013-04-09 21:07:58+0200 > <Up><Left><#+7>äö
2013-04-09 21:08:03+0200 > <Up><Tab>äsh
2013-04-09 21:08:07+0200 > <Up><Home>sudo 
2013-04-09 21:08:09+0200 > <LAlt><Tab><Tab><LAlt><Tab><Up><Left><#+8><Right><Right><BckSp><BckSp>
2013-04-09 21:08:28+0200 > <Up><Left><#+6><Up><Left><#+8>
2013-04-09 21:08:41+0200 > <Up><Left><#+6><Left><Left><BckSp><#+7>
2013-04-09 21:08:48+0200 > sudo <RShft>!!
2013-04-09 21:08:51+0200 > <Up>
2013-04-09 21:09:24+0200 > <Up><Left><#+8><Left><Right><BckSp><#+6>
2013-04-09 21:09:27+0200 > <LMeta>tbash e<CpsLk><CpsLk><CpsLk><CpsLk><CpsLk><CpsLk>run bash sc<Down>
2013-04-09 21:09:44+0200 > fe<LAlt><Tab>chmod ̊<CpsLk>-<CpsLk><RShft>+x cle<Tab>
2013-04-09 21:10:07+0200 > bash cle<Tab>
2013-04-09 21:10:14+0200 > <Up><Home>sudo 
2013-04-09 21:10:17+0200 > 

Logging stopped at 2013-04-09 21:10:17+0200

